2023-03-14T11:11:39.672+01:00  INFO 12136 --- [main] c.e.server.ArticleServerApplication      : Starting ArticleServerApplication using Java 17 with PID 12136 (C:\Users\vitus\OneDrive - HTL Saalfelden\4AHINF\POS\POS-Projekt-API\ArticleService\target\classes started by vitus in C:\Users\vitus\OneDrive - HTL Saalfelden\4AHINF\POS\POS-Projekt-API\ArticleService)
2023-03-14T11:11:39.676+01:00  INFO 12136 --- [main] c.e.server.ArticleServerApplication      : No active profile set, falling back to 1 default profile: "default"
2023-03-14T11:11:40.400+01:00  INFO 12136 --- [main] .s.d.r.c.RepositoryConfigurationDelegate : Multiple Spring Data modules found, entering strict repository configuration mode
2023-03-14T11:11:40.401+01:00  INFO 12136 --- [main] .s.d.r.c.RepositoryConfigurationDelegate : Bootstrapping Spring Data JPA repositories in DEFAULT mode.
2023-03-14T11:11:40.430+01:00  INFO 12136 --- [main] .s.d.r.c.RepositoryConfigurationDelegate : Finished Spring Data repository scanning in 14 ms. Found 0 JPA repository interfaces.
2023-03-14T11:11:40.466+01:00  INFO 12136 --- [main] .s.d.r.c.RepositoryConfigurationDelegate : Multiple Spring Data modules found, entering strict repository configuration mode
2023-03-14T11:11:40.466+01:00  INFO 12136 --- [main] .s.d.r.c.RepositoryConfigurationDelegate : Bootstrapping Spring Data MongoDB repositories in DEFAULT mode.
2023-03-14T11:11:40.468+01:00  INFO 12136 --- [main] .s.d.r.c.RepositoryConfigurationDelegate : Finished Spring Data repository scanning in 1 ms. Found 0 MongoDB repository interfaces.
2023-03-14T11:11:40.977+01:00  INFO 12136 --- [main] o.s.b.w.embedded.tomcat.TomcatWebServer  : Tomcat initialized with port(s): 3000 (http)
2023-03-14T11:11:40.987+01:00  INFO 12136 --- [main] o.apache.catalina.core.StandardService   : Starting service [Tomcat]
2023-03-14T11:11:40.988+01:00  INFO 12136 --- [main] o.apache.catalina.core.StandardEngine    : Starting Servlet engine: [Apache Tomcat/10.1.5]
2023-03-14T11:11:41.081+01:00  INFO 12136 --- [main] o.a.c.c.C.[Tomcat].[localhost].[/]       : Initializing Spring embedded WebApplicationContext
2023-03-14T11:11:41.082+01:00  INFO 12136 --- [main] w.s.c.ServletWebServerApplicationContext : Root WebApplicationContext: initialization completed in 1350 ms
2023-03-14T11:11:41.145+01:00  WARN 12136 --- [main] ConfigServletWebServerApplicationContext : Exception encountered during context initialization - cancelling refresh attempt: org.springframework.beans.factory.UnsatisfiedDependencyException: Error creating bean with name 'dataSourceScriptDatabaseInitializer' defined in class path resource [org/springframework/boot/autoconfigure/sql/init/DataSourceInitializationConfiguration.class]: Unsatisfied dependency expressed through method 'dataSourceScriptDatabaseInitializer' parameter 0: Error creating bean with name 'dataSource' defined in class path resource [org/springframework/boot/autoconfigure/jdbc/DataSourceConfiguration$Hikari.class]: Failed to instantiate [com.zaxxer.hikari.HikariDataSource]: Factory method 'dataSource' threw exception with message: Failed to determine a suitable driver class
2023-03-14T11:11:41.147+01:00  INFO 12136 --- [main] o.apache.catalina.core.StandardService   : Stopping service [Tomcat]
2023-03-14T11:11:41.167+01:00  INFO 12136 --- [main] .s.b.a.l.ConditionEvaluationReportLogger : 

Error starting ApplicationContext. To display the condition evaluation report re-run your application with 'debug' enabled.
2023-03-14T11:11:41.190+01:00 ERROR 12136 --- [main] o.s.b.d.LoggingFailureAnalysisReporter   : 

***************************
APPLICATION FAILED TO START
***************************

Description:

Failed to configure a DataSource: 'url' attribute is not specified and no embedded datasource could be configured.

Reason: Failed to determine a suitable driver class


Action:

Consider the following:
	If you want an embedded database (H2, HSQL or Derby), please put it on the classpath.
	If you have database settings to be loaded from a particular profile you may need to activate it (no profiles are currently active).

2023-03-14T11:15:23.212+01:00  INFO 15884 --- [main] c.e.server.ArticleServerApplication      : Starting ArticleServerApplication using Java 17 with PID 15884 (C:\Users\vitus\OneDrive - HTL Saalfelden\4AHINF\POS\POS-Projekt-API\ArticleService\target\classes started by vitus in C:\Users\vitus\OneDrive - HTL Saalfelden\4AHINF\POS\POS-Projekt-API\ArticleService)
2023-03-14T11:15:23.215+01:00  INFO 15884 --- [main] c.e.server.ArticleServerApplication      : No active profile set, falling back to 1 default profile: "default"
2023-03-14T11:15:23.717+01:00  INFO 15884 --- [main] .s.d.r.c.RepositoryConfigurationDelegate : Multiple Spring Data modules found, entering strict repository configuration mode
2023-03-14T11:15:23.718+01:00  INFO 15884 --- [main] .s.d.r.c.RepositoryConfigurationDelegate : Bootstrapping Spring Data JPA repositories in DEFAULT mode.
2023-03-14T11:15:23.734+01:00  INFO 15884 --- [main] .s.d.r.c.RepositoryConfigurationDelegate : Finished Spring Data repository scanning in 10 ms. Found 0 JPA repository interfaces.
2023-03-14T11:15:23.759+01:00  INFO 15884 --- [main] .s.d.r.c.RepositoryConfigurationDelegate : Multiple Spring Data modules found, entering strict repository configuration mode
2023-03-14T11:15:23.760+01:00  INFO 15884 --- [main] .s.d.r.c.RepositoryConfigurationDelegate : Bootstrapping Spring Data MongoDB repositories in DEFAULT mode.
2023-03-14T11:15:23.761+01:00  INFO 15884 --- [main] .s.d.r.c.RepositoryConfigurationDelegate : Finished Spring Data repository scanning in 1 ms. Found 0 MongoDB repository interfaces.
2023-03-14T11:15:24.200+01:00  INFO 15884 --- [main] o.s.b.w.embedded.tomcat.TomcatWebServer  : Tomcat initialized with port(s): 3000 (http)
2023-03-14T11:15:24.208+01:00  INFO 15884 --- [main] o.apache.catalina.core.StandardService   : Starting service [Tomcat]
2023-03-14T11:15:24.209+01:00  INFO 15884 --- [main] o.apache.catalina.core.StandardEngine    : Starting Servlet engine: [Apache Tomcat/10.1.5]
2023-03-14T11:15:24.280+01:00  INFO 15884 --- [main] o.a.c.c.C.[Tomcat].[localhost].[/]       : Initializing Spring embedded WebApplicationContext
2023-03-14T11:15:24.281+01:00  INFO 15884 --- [main] w.s.c.ServletWebServerApplicationContext : Root WebApplicationContext: initialization completed in 1025 ms
2023-03-14T11:15:24.337+01:00  WARN 15884 --- [main] ConfigServletWebServerApplicationContext : Exception encountered during context initialization - cancelling refresh attempt: org.springframework.beans.factory.UnsatisfiedDependencyException: Error creating bean with name 'dataSourceScriptDatabaseInitializer' defined in class path resource [org/springframework/boot/autoconfigure/sql/init/DataSourceInitializationConfiguration.class]: Unsatisfied dependency expressed through method 'dataSourceScriptDatabaseInitializer' parameter 0: Error creating bean with name 'dataSource' defined in class path resource [org/springframework/boot/autoconfigure/jdbc/DataSourceConfiguration$Hikari.class]: Failed to instantiate [com.zaxxer.hikari.HikariDataSource]: Factory method 'dataSource' threw exception with message: Failed to determine a suitable driver class
2023-03-14T11:15:24.340+01:00  INFO 15884 --- [main] o.apache.catalina.core.StandardService   : Stopping service [Tomcat]
2023-03-14T11:15:24.350+01:00  INFO 15884 --- [main] .s.b.a.l.ConditionEvaluationReportLogger : 

Error starting ApplicationContext. To display the condition evaluation report re-run your application with 'debug' enabled.
2023-03-14T11:15:24.368+01:00 ERROR 15884 --- [main] o.s.b.d.LoggingFailureAnalysisReporter   : 

***************************
APPLICATION FAILED TO START
***************************

Description:

Failed to configure a DataSource: 'url' attribute is not specified and no embedded datasource could be configured.

Reason: Failed to determine a suitable driver class


Action:

Consider the following:
	If you want an embedded database (H2, HSQL or Derby), please put it on the classpath.
	If you have database settings to be loaded from a particular profile you may need to activate it (no profiles are currently active).

